Found InitializeTypeRegistry in module: F:\projects\DroidNet\projects\Oxygen.Engine\out\build-ninja\bin\Debug\Oxygen.Composition-d.dll
Note: Google Test filter = PhysicsBodyBindingsTest.*
[==========] Running 5 tests from 1 test suite.
[----------] Global test environment set-up.
[----------] 5 tests from PhysicsBodyBindingsTest
[ RUN      ] PhysicsBodyBindingsTest.PhysicsBodyBindingsNoEngineFallbackContracts
[       OK ] PhysicsBodyBindingsTest.PhysicsBodyBindingsNoEngineFallbackContracts (2 ms)
[ RUN      ] PhysicsBodyBindingsTest.PhysicsBodyBindingsRejectInvalidNodeAndHandleShapes
[       OK ] PhysicsBodyBindingsTest.PhysicsBodyBindingsRejectInvalidNodeAndHandleShapes (1 ms)
[ RUN      ] PhysicsBodyBindingsTest.PhysicsBodyAttachDynamicSuccess
F:\projects\DroidNet\projects\Oxygen.Engine\src\Oxygen\Scripting\Test\Bindings_physics_body_test.cpp(158): error: Failed
script phase hook 'on_gameplay' failed [phase_hook]: [string "physics_body_attach_dynamic"]:5: node create failed


[  FAILED  ] PhysicsBodyBindingsTest.PhysicsBodyAttachDynamicSuccess (4 ms)
[ RUN      ] PhysicsBodyBindingsTest.PhysicsBodyMoveKinematicSuccess
F:\projects\DroidNet\projects\Oxygen.Engine\src\Oxygen\Scripting\Test\Bindings_physics_body_test.cpp(196): error: Failed
script phase hook 'on_gameplay' failed [phase_hook]: [string "physics_body_move_kinematic"]:8: body.attach failed


[  FAILED  ] PhysicsBodyBindingsTest.PhysicsBodyMoveKinematicSuccess (2 ms)
[ RUN      ] PhysicsBodyBindingsTest.PhysicsBodySetLinearVelocityRejectsStatic
F:\projects\DroidNet\projects\Oxygen.Engine\src\Oxygen\Scripting\Test\Bindings_physics_body_test.cpp(233): error: Failed
script phase hook 'on_gameplay' failed [phase_hook]: [string "physics_body_set_lin_vel_static"]:9: attempt to index nil with 'set_linear_velocity'


[  FAILED  ] PhysicsBodyBindingsTest.PhysicsBodySetLinearVelocityRejectsStatic (1 ms)
[----------] 5 tests from PhysicsBodyBindingsTest (12 ms total)

[----------] Global test environment tear-down
[==========] 5 tests from 1 test suite ran. (12 ms total)
[  PASSED  ] 2 tests.
[  FAILED  ] 3 tests, listed below:
[  FAILED  ] PhysicsBodyBindingsTest.PhysicsBodyAttachDynamicSuccess
[  FAILED  ] PhysicsBodyBindingsTest.PhysicsBodyMoveKinematicSuccess
[  FAILED  ] PhysicsBodyBindingsTest.PhysicsBodySetLinearVelocityRejectsStatic

 3 FAILED TESTS
